Arguments: 
  C:\Program Files\nodejs\node.exe C:\Users\mateu\AppData\Roaming\npm\node_modules\yarn\bin\yarn.js

PATH: 
  C:\Program Files\Git\mingw64\bin;C:\Program Files\Git\usr\bin;C:\Users\mateu\bin;C:\Program Files\Git\mingw64\bin;C:\Program Files\Git\usr\bin;C:\Users\mateu\bin;C:\Program Files\Common Files\Oracle\Java\javapath;C:\Windows\system32;C:\Windows;C:\Windows\System32\Wbem;C:\Windows\System32\WindowsPowerShell\v1.0;C:\Windows\System32\OpenSSH;C:\Program Files\nodejs;C:\Program Files\Git\cmd;C:\Users\mateu\AppData\Local\Microsoft\WindowsApps;C:\Users\mateu\AppData\Roaming\npm;C:\Users\mateu\AppData\Local\Programs\Microsoft VS Code\bin

Yarn version: 
  1.22.10

Node version: 
  14.16.0

Platform: 
  win32 x64

Trace: 
  Error: ENOENT: no such file or directory, scandir 'C:\Users\mateu\AppData\Local\Yarn\Cache\v6\npm-url-parse-lax-3.0.0-16b5cafc07dbe3676c1b1999177823d6503acb0c-integrity\node_modules\url-parse-lax'

npm manifest: 
  {
    "name": "api_dd",
    "version": "1.0.0",
    "description": "",
    "main": "index.js",
    "scripts": {
      "dev": "nodemon src/index.ts",
      "build": "sucrase ./src -d ./dist --transforms typescript,imports",
      "build:dev": "sucrase ./src -d ./dist --transforms typescript,imports",
      "start": "node ./dist/index.js"
    },
    "repository": {
      "type": "git",
      "url": "git+https://github.com/Duckesss/api_dd.git"
    },
    "keywords": [],
    "author": "",
    "license": "ISC",
    "bugs": {
      "url": "https://github.com/Duckesss/api_dd/issues"
    },
    "homepage": "https://github.com/Duckesss/api_dd#readme",
    "devDependencies": {
      "@types/express": "^4.17.11",
      "@types/jsonwebtoken": "^8.5.0",
      "@types/mongoose": "^5.10.3",
      "@typescript-eslint/eslint-plugin": "^4.16.1",
      "@typescript-eslint/parser": "^4.16.1",
      "eslint": "^7.21.0",
      "eslint-config-prettier": "^8.1.0",
      "eslint-config-standard": "^16.0.2",
      "eslint-plugin-import": "^2.22.1",
      "eslint-plugin-node": "^11.1.0",
      "eslint-plugin-prettier": "^3.3.1",
      "eslint-plugin-promise": "^4.3.1",
      "nodemon": "^2.0.7",
      "prettier": "^2.2.1",
      "sucrase": "^3.17.1",
      "typescript": "^4.2.2"
    },
    "dependencies": {
      "cors": "^2.8.5",
      "dotenv": "^8.2.0",
      "express": "^4.17.1",
      "jsonwebtoken": "^8.5.1",
      "mongoose": "5.11.5"
    }
  }

yarn manifest: 
  No manifest

Lockfile: 
  No lockfile
